29-Oct-2020 19:02:01.386 INFO [main] org.apache.catalina.startup.VersionLoggerListener.log Server version name:   Apache Tomcat/8.5.59
29-Oct-2020 19:02:01.388 INFO [main] org.apache.catalina.startup.VersionLoggerListener.log Server built:          Oct 6 2020 16:57:18 UTC
29-Oct-2020 19:02:01.391 INFO [main] org.apache.catalina.startup.VersionLoggerListener.log Server version number: 8.5.59.0
29-Oct-2020 19:02:01.392 INFO [main] org.apache.catalina.startup.VersionLoggerListener.log OS Name:               Windows 10
29-Oct-2020 19:02:01.392 INFO [main] org.apache.catalina.startup.VersionLoggerListener.log OS Version:            10.0
29-Oct-2020 19:02:01.392 INFO [main] org.apache.catalina.startup.VersionLoggerListener.log Architecture:          amd64
29-Oct-2020 19:02:01.392 INFO [main] org.apache.catalina.startup.VersionLoggerListener.log Java Home:             C:\Program Files\Java\jdk1.8.0_212\jre
29-Oct-2020 19:02:01.392 INFO [main] org.apache.catalina.startup.VersionLoggerListener.log JVM Version:           1.8.0_212-b10
29-Oct-2020 19:02:01.392 INFO [main] org.apache.catalina.startup.VersionLoggerListener.log JVM Vendor:            Oracle Corporation
29-Oct-2020 19:02:01.392 INFO [main] org.apache.catalina.startup.VersionLoggerListener.log CATALINA_BASE:         C:\Users\leona\jleetutorial-maven-project.git-\apache-tomcat-8.5.59-windows-x64\apache-tomcat-8.5.59
29-Oct-2020 19:02:01.392 INFO [main] org.apache.catalina.startup.VersionLoggerListener.log CATALINA_HOME:         C:\Users\leona\jleetutorial-maven-project.git-\apache-tomcat-8.5.59-windows-x64\apache-tomcat-8.5.59
29-Oct-2020 19:02:01.392 INFO [main] org.apache.catalina.startup.VersionLoggerListener.log Command line argument: -Djava.util.logging.config.file=C:/Users/leona/jleetutorial-maven-project.git-/apache-tomcat-8.5.59-windows-x64/apache-tomcat-8.5.59/conf/logging.properties
29-Oct-2020 19:02:01.393 INFO [main] org.apache.catalina.startup.VersionLoggerListener.log Command line argument: -Djava.util.logging.manager=org.apache.juli.ClassLoaderLogManager
29-Oct-2020 19:02:01.393 INFO [main] org.apache.catalina.startup.VersionLoggerListener.log Command line argument: -Djdk.tls.ephemeralDHKeySize=2048
29-Oct-2020 19:02:01.393 INFO [main] org.apache.catalina.startup.VersionLoggerListener.log Command line argument: -Djava.protocol.handler.pkgs=org.apache.catalina.webresources
29-Oct-2020 19:02:01.393 INFO [main] org.apache.catalina.startup.VersionLoggerListener.log Command line argument: -Dorg.apache.catalina.security.SecurityListener.UMASK=0027
29-Oct-2020 19:02:01.393 INFO [main] org.apache.catalina.startup.VersionLoggerListener.log Command line argument: -Dignore.endorsed.dirs=
29-Oct-2020 19:02:01.393 INFO [main] org.apache.catalina.startup.VersionLoggerListener.log Command line argument: -Dcatalina.base=C:/Users/leona/jleetutorial-maven-project.git-/apache-tomcat-8.5.59-windows-x64/apache-tomcat-8.5.59
29-Oct-2020 19:02:01.393 INFO [main] org.apache.catalina.startup.VersionLoggerListener.log Command line argument: -Dcatalina.home=C:/Users/leona/jleetutorial-maven-project.git-/apache-tomcat-8.5.59-windows-x64/apache-tomcat-8.5.59
29-Oct-2020 19:02:01.393 INFO [main] org.apache.catalina.startup.VersionLoggerListener.log Command line argument: -Djava.io.tmpdir=C:/Users/leona/jleetutorial-maven-project.git-/apache-tomcat-8.5.59-windows-x64/apache-tomcat-8.5.59/temp
29-Oct-2020 19:02:01.393 INFO [main] org.apache.catalina.core.AprLifecycleListener.lifecycleEvent Loaded Apache Tomcat Native library [1.2.25] using APR version [1.7.0].
29-Oct-2020 19:02:01.393 INFO [main] org.apache.catalina.core.AprLifecycleListener.lifecycleEvent APR capabilities: IPv6 [true], sendfile [true], accept filters [false], random [true].
29-Oct-2020 19:02:01.393 INFO [main] org.apache.catalina.core.AprLifecycleListener.lifecycleEvent APR/OpenSSL configuration: useAprConnector [false], useOpenSSL [true]
29-Oct-2020 19:02:01.397 INFO [main] org.apache.catalina.core.AprLifecycleListener.initializeSSL OpenSSL successfully initialized [OpenSSL 1.1.1g  21 Apr 2020]
29-Oct-2020 19:02:01.513 INFO [main] org.apache.coyote.AbstractProtocol.init Initializing ProtocolHandler ["http-nio-8090"]
29-Oct-2020 19:02:01.741 INFO [main] org.apache.tomcat.util.net.NioSelectorPool.getSharedSelector Using a shared selector for servlet write/read
29-Oct-2020 19:02:01.749 INFO [main] org.apache.catalina.startup.Catalina.load Initialization processed in 698 ms
29-Oct-2020 19:02:01.770 INFO [main] org.apache.catalina.core.StandardService.startInternal Starting service [Catalina]
29-Oct-2020 19:02:01.770 INFO [main] org.apache.catalina.core.StandardEngine.startInternal Starting Servlet Engine: Apache Tomcat/8.5.59
29-Oct-2020 19:02:01.777 INFO [localhost-startStop-1] org.apache.catalina.startup.HostConfig.deployDirectory Deploying web application directory [C:\Users\leona\jleetutorial-maven-project.git-\apache-tomcat-8.5.59-windows-x64\apache-tomcat-8.5.59\webapps\docs]
29-Oct-2020 19:02:01.957 INFO [localhost-startStop-1] org.apache.catalina.startup.HostConfig.deployDirectory Deployment of web application directory [C:\Users\leona\jleetutorial-maven-project.git-\apache-tomcat-8.5.59-windows-x64\apache-tomcat-8.5.59\webapps\docs] has finished in [180] ms
29-Oct-2020 19:02:01.958 INFO [localhost-startStop-1] org.apache.catalina.startup.HostConfig.deployDirectory Deploying web application directory [C:\Users\leona\jleetutorial-maven-project.git-\apache-tomcat-8.5.59-windows-x64\apache-tomcat-8.5.59\webapps\examples]
29-Oct-2020 19:02:02.236 INFO [localhost-startStop-1] org.apache.catalina.startup.HostConfig.deployDirectory Deployment of web application directory [C:\Users\leona\jleetutorial-maven-project.git-\apache-tomcat-8.5.59-windows-x64\apache-tomcat-8.5.59\webapps\examples] has finished in [278] ms
29-Oct-2020 19:02:02.236 INFO [localhost-startStop-1] org.apache.catalina.startup.HostConfig.deployDirectory Deploying web application directory [C:\Users\leona\jleetutorial-maven-project.git-\apache-tomcat-8.5.59-windows-x64\apache-tomcat-8.5.59\webapps\host-manager]
29-Oct-2020 19:02:02.258 INFO [localhost-startStop-1] org.apache.catalina.startup.HostConfig.deployDirectory Deployment of web application directory [C:\Users\leona\jleetutorial-maven-project.git-\apache-tomcat-8.5.59-windows-x64\apache-tomcat-8.5.59\webapps\host-manager] has finished in [22] ms
29-Oct-2020 19:02:02.258 INFO [localhost-startStop-1] org.apache.catalina.startup.HostConfig.deployDirectory Deploying web application directory [C:\Users\leona\jleetutorial-maven-project.git-\apache-tomcat-8.5.59-windows-x64\apache-tomcat-8.5.59\webapps\manager]
29-Oct-2020 19:02:02.276 INFO [localhost-startStop-1] org.apache.catalina.startup.HostConfig.deployDirectory Deployment of web application directory [C:\Users\leona\jleetutorial-maven-project.git-\apache-tomcat-8.5.59-windows-x64\apache-tomcat-8.5.59\webapps\manager] has finished in [18] ms
29-Oct-2020 19:02:02.276 INFO [localhost-startStop-1] org.apache.catalina.startup.HostConfig.deployDirectory Deploying web application directory [C:\Users\leona\jleetutorial-maven-project.git-\apache-tomcat-8.5.59-windows-x64\apache-tomcat-8.5.59\webapps\ROOT]
29-Oct-2020 19:02:02.296 INFO [localhost-startStop-1] org.apache.catalina.startup.HostConfig.deployDirectory Deployment of web application directory [C:\Users\leona\jleetutorial-maven-project.git-\apache-tomcat-8.5.59-windows-x64\apache-tomcat-8.5.59\webapps\ROOT] has finished in [20] ms
29-Oct-2020 19:02:02.298 INFO [main] org.apache.coyote.AbstractProtocol.start Starting ProtocolHandler ["http-nio-8090"]
29-Oct-2020 19:02:02.304 INFO [main] org.apache.catalina.startup.Catalina.start Server startup in 554 ms
29-Oct-2020 19:09:42.415 INFO [ContainerBackgroundProcessor[StandardEngine[Catalina]]] org.apache.catalina.users.MemoryUserDatabase.backgroundProcess Reloading memory user database [UserDatabase] from updated source [file:/C:/Users/leona/jleetutorial-maven-project.git-/apache-tomcat-8.5.59-windows-x64/apache-tomcat-8.5.59/conf/tomcat-users.xml]
29-Oct-2020 19:11:50.876 INFO [main] org.apache.catalina.core.StandardServer.await A valid shutdown command was received via the shutdown port. Stopping the Server instance.
29-Oct-2020 19:11:50.877 INFO [main] org.apache.coyote.AbstractProtocol.pause Pausing ProtocolHandler ["http-nio-8090"]
29-Oct-2020 19:11:51.040 INFO [main] org.apache.catalina.core.StandardService.stopInternal Stopping service [Catalina]
29-Oct-2020 19:11:51.059 INFO [main] org.apache.coyote.AbstractProtocol.stop Stopping ProtocolHandler ["http-nio-8090"]
29-Oct-2020 19:11:51.060 INFO [main] org.apache.coyote.AbstractProtocol.destroy Destroying ProtocolHandler ["http-nio-8090"]
29-Oct-2020 19:12:10.129 INFO [main] org.apache.catalina.startup.VersionLoggerListener.log Server version name:   Apache Tomcat/8.5.59
29-Oct-2020 19:12:10.131 INFO [main] org.apache.catalina.startup.VersionLoggerListener.log Server built:          Oct 6 2020 16:57:18 UTC
29-Oct-2020 19:12:10.134 INFO [main] org.apache.catalina.startup.VersionLoggerListener.log Server version number: 8.5.59.0
29-Oct-2020 19:12:10.134 INFO [main] org.apache.catalina.startup.VersionLoggerListener.log OS Name:               Windows 10
29-Oct-2020 19:12:10.134 INFO [main] org.apache.catalina.startup.VersionLoggerListener.log OS Version:            10.0
29-Oct-2020 19:12:10.134 INFO [main] org.apache.catalina.startup.VersionLoggerListener.log Architecture:          amd64
29-Oct-2020 19:12:10.135 INFO [main] org.apache.catalina.startup.VersionLoggerListener.log Java Home:             C:\Program Files\Java\jdk1.8.0_212\jre
29-Oct-2020 19:12:10.135 INFO [main] org.apache.catalina.startup.VersionLoggerListener.log JVM Version:           1.8.0_212-b10
29-Oct-2020 19:12:10.135 INFO [main] org.apache.catalina.startup.VersionLoggerListener.log JVM Vendor:            Oracle Corporation
29-Oct-2020 19:12:10.135 INFO [main] org.apache.catalina.startup.VersionLoggerListener.log CATALINA_BASE:         C:\Users\leona\jleetutorial-maven-project.git-\apache-tomcat-8.5.59-windows-x64\apache-tomcat-8.5.59
29-Oct-2020 19:12:10.135 INFO [main] org.apache.catalina.startup.VersionLoggerListener.log CATALINA_HOME:         C:\Users\leona\jleetutorial-maven-project.git-\apache-tomcat-8.5.59-windows-x64\apache-tomcat-8.5.59
29-Oct-2020 19:12:10.135 INFO [main] org.apache.catalina.startup.VersionLoggerListener.log Command line argument: -Djava.util.logging.config.file=C:/Users/leona/jleetutorial-maven-project.git-/apache-tomcat-8.5.59-windows-x64/apache-tomcat-8.5.59/conf/logging.properties
29-Oct-2020 19:12:10.135 INFO [main] org.apache.catalina.startup.VersionLoggerListener.log Command line argument: -Djava.util.logging.manager=org.apache.juli.ClassLoaderLogManager
29-Oct-2020 19:12:10.135 INFO [main] org.apache.catalina.startup.VersionLoggerListener.log Command line argument: -Djdk.tls.ephemeralDHKeySize=2048
29-Oct-2020 19:12:10.135 INFO [main] org.apache.catalina.startup.VersionLoggerListener.log Command line argument: -Djava.protocol.handler.pkgs=org.apache.catalina.webresources
29-Oct-2020 19:12:10.135 INFO [main] org.apache.catalina.startup.VersionLoggerListener.log Command line argument: -Dorg.apache.catalina.security.SecurityListener.UMASK=0027
29-Oct-2020 19:12:10.135 INFO [main] org.apache.catalina.startup.VersionLoggerListener.log Command line argument: -Dignore.endorsed.dirs=
29-Oct-2020 19:12:10.135 INFO [main] org.apache.catalina.startup.VersionLoggerListener.log Command line argument: -Dcatalina.base=C:/Users/leona/jleetutorial-maven-project.git-/apache-tomcat-8.5.59-windows-x64/apache-tomcat-8.5.59
29-Oct-2020 19:12:10.135 INFO [main] org.apache.catalina.startup.VersionLoggerListener.log Command line argument: -Dcatalina.home=C:/Users/leona/jleetutorial-maven-project.git-/apache-tomcat-8.5.59-windows-x64/apache-tomcat-8.5.59
29-Oct-2020 19:12:10.135 INFO [main] org.apache.catalina.startup.VersionLoggerListener.log Command line argument: -Djava.io.tmpdir=C:/Users/leona/jleetutorial-maven-project.git-/apache-tomcat-8.5.59-windows-x64/apache-tomcat-8.5.59/temp
29-Oct-2020 19:12:10.135 INFO [main] org.apache.catalina.core.AprLifecycleListener.lifecycleEvent Loaded Apache Tomcat Native library [1.2.25] using APR version [1.7.0].
29-Oct-2020 19:12:10.135 INFO [main] org.apache.catalina.core.AprLifecycleListener.lifecycleEvent APR capabilities: IPv6 [true], sendfile [true], accept filters [false], random [true].
29-Oct-2020 19:12:10.136 INFO [main] org.apache.catalina.core.AprLifecycleListener.lifecycleEvent APR/OpenSSL configuration: useAprConnector [false], useOpenSSL [true]
29-Oct-2020 19:12:10.139 INFO [main] org.apache.catalina.core.AprLifecycleListener.initializeSSL OpenSSL successfully initialized [OpenSSL 1.1.1g  21 Apr 2020]
29-Oct-2020 19:12:10.248 INFO [main] org.apache.coyote.AbstractProtocol.init Initializing ProtocolHandler ["http-nio-8090"]
29-Oct-2020 19:12:10.453 INFO [main] org.apache.tomcat.util.net.NioSelectorPool.getSharedSelector Using a shared selector for servlet write/read
29-Oct-2020 19:12:10.461 INFO [main] org.apache.catalina.startup.Catalina.load Initialization processed in 632 ms
29-Oct-2020 19:12:10.485 INFO [main] org.apache.catalina.core.StandardService.startInternal Starting service [Catalina]
29-Oct-2020 19:12:10.485 INFO [main] org.apache.catalina.core.StandardEngine.startInternal Starting Servlet Engine: Apache Tomcat/8.5.59
29-Oct-2020 19:12:10.497 INFO [localhost-startStop-1] org.apache.catalina.startup.HostConfig.deployDirectory Deploying web application directory [C:\Users\leona\jleetutorial-maven-project.git-\apache-tomcat-8.5.59-windows-x64\apache-tomcat-8.5.59\webapps\docs]
29-Oct-2020 19:12:10.667 INFO [localhost-startStop-1] org.apache.catalina.startup.HostConfig.deployDirectory Deployment of web application directory [C:\Users\leona\jleetutorial-maven-project.git-\apache-tomcat-8.5.59-windows-x64\apache-tomcat-8.5.59\webapps\docs] has finished in [175] ms
29-Oct-2020 19:12:10.667 INFO [localhost-startStop-1] org.apache.catalina.startup.HostConfig.deployDirectory Deploying web application directory [C:\Users\leona\jleetutorial-maven-project.git-\apache-tomcat-8.5.59-windows-x64\apache-tomcat-8.5.59\webapps\examples]
29-Oct-2020 19:12:10.955 INFO [localhost-startStop-1] org.apache.catalina.startup.HostConfig.deployDirectory Deployment of web application directory [C:\Users\leona\jleetutorial-maven-project.git-\apache-tomcat-8.5.59-windows-x64\apache-tomcat-8.5.59\webapps\examples] has finished in [288] ms
29-Oct-2020 19:12:10.955 INFO [localhost-startStop-1] org.apache.catalina.startup.HostConfig.deployDirectory Deploying web application directory [C:\Users\leona\jleetutorial-maven-project.git-\apache-tomcat-8.5.59-windows-x64\apache-tomcat-8.5.59\webapps\host-manager]
29-Oct-2020 19:12:10.978 INFO [localhost-startStop-1] org.apache.catalina.startup.HostConfig.deployDirectory Deployment of web application directory [C:\Users\leona\jleetutorial-maven-project.git-\apache-tomcat-8.5.59-windows-x64\apache-tomcat-8.5.59\webapps\host-manager] has finished in [22] ms
29-Oct-2020 19:12:10.978 INFO [localhost-startStop-1] org.apache.catalina.startup.HostConfig.deployDirectory Deploying web application directory [C:\Users\leona\jleetutorial-maven-project.git-\apache-tomcat-8.5.59-windows-x64\apache-tomcat-8.5.59\webapps\manager]
29-Oct-2020 19:12:10.998 INFO [localhost-startStop-1] org.apache.catalina.startup.HostConfig.deployDirectory Deployment of web application directory [C:\Users\leona\jleetutorial-maven-project.git-\apache-tomcat-8.5.59-windows-x64\apache-tomcat-8.5.59\webapps\manager] has finished in [20] ms
29-Oct-2020 19:12:10.998 INFO [localhost-startStop-1] org.apache.catalina.startup.HostConfig.deployDirectory Deploying web application directory [C:\Users\leona\jleetutorial-maven-project.git-\apache-tomcat-8.5.59-windows-x64\apache-tomcat-8.5.59\webapps\ROOT]
29-Oct-2020 19:12:11.014 INFO [localhost-startStop-1] org.apache.catalina.startup.HostConfig.deployDirectory Deployment of web application directory [C:\Users\leona\jleetutorial-maven-project.git-\apache-tomcat-8.5.59-windows-x64\apache-tomcat-8.5.59\webapps\ROOT] has finished in [16] ms
29-Oct-2020 19:12:11.015 INFO [main] org.apache.coyote.AbstractProtocol.start Starting ProtocolHandler ["http-nio-8090"]
29-Oct-2020 19:12:11.023 INFO [main] org.apache.catalina.startup.Catalina.start Server startup in 562 ms
29-Oct-2020 19:12:43.244 INFO [main] org.apache.catalina.core.StandardServer.await A valid shutdown command was received via the shutdown port. Stopping the Server instance.
29-Oct-2020 19:12:43.245 INFO [main] org.apache.coyote.AbstractProtocol.pause Pausing ProtocolHandler ["http-nio-8090"]
29-Oct-2020 19:12:43.409 INFO [main] org.apache.catalina.core.StandardService.stopInternal Stopping service [Catalina]
29-Oct-2020 19:12:43.423 INFO [main] org.apache.coyote.AbstractProtocol.stop Stopping ProtocolHandler ["http-nio-8090"]
29-Oct-2020 19:12:43.425 INFO [main] org.apache.coyote.AbstractProtocol.destroy Destroying ProtocolHandler ["http-nio-8090"]
