Oct 29, 2020 7:55:52 PM org.apache.catalina.startup.VersionLoggerListener log
INFO: Server version name:   Apache Tomcat/7.0.106
Oct 29, 2020 7:55:52 PM org.apache.catalina.startup.VersionLoggerListener log
INFO: Server built:          Sep 16 2020 08:33:41 UTC
Oct 29, 2020 7:55:52 PM org.apache.catalina.startup.VersionLoggerListener log
INFO: Server version number: 7.0.106.0
Oct 29, 2020 7:55:52 PM org.apache.catalina.startup.VersionLoggerListener log
INFO: OS Name:               Windows 10
Oct 29, 2020 7:55:52 PM org.apache.catalina.startup.VersionLoggerListener log
INFO: OS Version:            10.0
Oct 29, 2020 7:55:52 PM org.apache.catalina.startup.VersionLoggerListener log
INFO: Architecture:          amd64
Oct 29, 2020 7:55:52 PM org.apache.catalina.startup.VersionLoggerListener log
INFO: Java Home:             C:\Program Files\Java\jdk1.8.0_212\jre
Oct 29, 2020 7:55:52 PM org.apache.catalina.startup.VersionLoggerListener log
INFO: JVM Version:           1.8.0_212-b10
Oct 29, 2020 7:55:52 PM org.apache.catalina.startup.VersionLoggerListener log
INFO: JVM Vendor:            Oracle Corporation
Oct 29, 2020 7:55:52 PM org.apache.catalina.startup.VersionLoggerListener log
INFO: CATALINA_BASE:         C:/Users/leona/jleetutorial-maven-project.git-/apache-tomcat-7.0.106-windows-x64/apache-tomcat-7.0.106
Oct 29, 2020 7:55:52 PM org.apache.catalina.startup.VersionLoggerListener log
INFO: CATALINA_HOME:         C:/Users/leona/jleetutorial-maven-project.git-/apache-tomcat-7.0.106-windows-x64/apache-tomcat-7.0.106
Oct 29, 2020 7:55:52 PM org.apache.catalina.startup.VersionLoggerListener log
INFO: Command line argument: -Djava.util.logging.config.file=C:/Users/leona/jleetutorial-maven-project.git-/apache-tomcat-7.0.106-windows-x64/apache-tomcat-7.0.106/conf/logging.properties
Oct 29, 2020 7:55:52 PM org.apache.catalina.startup.VersionLoggerListener log
INFO: Command line argument: -Djava.util.logging.manager=org.apache.juli.ClassLoaderLogManager
Oct 29, 2020 7:55:52 PM org.apache.catalina.startup.VersionLoggerListener log
INFO: Command line argument: -Djdk.tls.ephemeralDHKeySize=2048
Oct 29, 2020 7:55:52 PM org.apache.catalina.startup.VersionLoggerListener log
INFO: Command line argument: -Dorg.apache.catalina.security.SecurityListener.UMASK=0027
Oct 29, 2020 7:55:52 PM org.apache.catalina.startup.VersionLoggerListener log
INFO: Command line argument: -Dignore.endorsed.dirs=
Oct 29, 2020 7:55:52 PM org.apache.catalina.startup.VersionLoggerListener log
INFO: Command line argument: -Dcatalina.base=C:/Users/leona/jleetutorial-maven-project.git-/apache-tomcat-7.0.106-windows-x64/apache-tomcat-7.0.106
Oct 29, 2020 7:55:52 PM org.apache.catalina.startup.VersionLoggerListener log
INFO: Command line argument: -Dcatalina.home=C:/Users/leona/jleetutorial-maven-project.git-/apache-tomcat-7.0.106-windows-x64/apache-tomcat-7.0.106
Oct 29, 2020 7:55:52 PM org.apache.catalina.startup.VersionLoggerListener log
INFO: Command line argument: -Djava.io.tmpdir=C:/Users/leona/jleetutorial-maven-project.git-/apache-tomcat-7.0.106-windows-x64/apache-tomcat-7.0.106/temp
Oct 29, 2020 7:55:52 PM org.apache.catalina.core.AprLifecycleListener lifecycleEvent
INFO: Loaded Apache Tomcat Native library [1.2.25] using APR version [1.7.0].
Oct 29, 2020 7:55:52 PM org.apache.catalina.core.AprLifecycleListener lifecycleEvent
INFO: APR capabilities: IPv6 [true], sendfile [true], accept filters [false], random [true].
Oct 29, 2020 7:55:52 PM org.apache.catalina.core.AprLifecycleListener initializeSSL
INFO: OpenSSL successfully initialized [OpenSSL 1.1.1g  21 Apr 2020]
Oct 29, 2020 7:55:52 PM org.apache.coyote.AbstractProtocol init
INFO: Initializing ProtocolHandler ["http-apr-8090"]
Oct 29, 2020 7:55:52 PM org.apache.catalina.startup.Catalina load
INFO: Initialization processed in 459 ms
Oct 29, 2020 7:55:52 PM org.apache.catalina.core.StandardService startInternal
INFO: Starting service [Catalina]
Oct 29, 2020 7:55:52 PM org.apache.catalina.core.StandardEngine startInternal
INFO: Starting Servlet Engine: Apache Tomcat/7.0.106
Oct 29, 2020 7:55:52 PM org.apache.catalina.startup.HostConfig deployDirectory
INFO: Deploying web application directory [C:\Users\leona\jleetutorial-maven-project.git-\apache-tomcat-7.0.106-windows-x64\apache-tomcat-7.0.106\webapps\docs]
Oct 29, 2020 7:55:53 PM org.apache.catalina.util.SessionIdGeneratorBase createSecureRandom
WARNING: Creation of SecureRandom instance for session ID generation using [SHA1PRNG] took [150] milliseconds.
Oct 29, 2020 7:55:53 PM org.apache.catalina.startup.HostConfig deployDirectory
INFO: Deployment of web application directory [C:\Users\leona\jleetutorial-maven-project.git-\apache-tomcat-7.0.106-windows-x64\apache-tomcat-7.0.106\webapps\docs] has finished in [367] ms
Oct 29, 2020 7:55:53 PM org.apache.catalina.startup.HostConfig deployDirectory
INFO: Deploying web application directory [C:\Users\leona\jleetutorial-maven-project.git-\apache-tomcat-7.0.106-windows-x64\apache-tomcat-7.0.106\webapps\examples]
Oct 29, 2020 7:55:53 PM org.apache.catalina.startup.HostConfig deployDirectory
INFO: Deployment of web application directory [C:\Users\leona\jleetutorial-maven-project.git-\apache-tomcat-7.0.106-windows-x64\apache-tomcat-7.0.106\webapps\examples] has finished in [247] ms
Oct 29, 2020 7:55:53 PM org.apache.catalina.startup.HostConfig deployDirectory
INFO: Deploying web application directory [C:\Users\leona\jleetutorial-maven-project.git-\apache-tomcat-7.0.106-windows-x64\apache-tomcat-7.0.106\webapps\host-manager]
Oct 29, 2020 7:55:53 PM org.apache.catalina.startup.HostConfig deployDirectory
INFO: Deployment of web application directory [C:\Users\leona\jleetutorial-maven-project.git-\apache-tomcat-7.0.106-windows-x64\apache-tomcat-7.0.106\webapps\host-manager] has finished in [49] ms
Oct 29, 2020 7:55:53 PM org.apache.catalina.startup.HostConfig deployDirectory
INFO: Deploying web application directory [C:\Users\leona\jleetutorial-maven-project.git-\apache-tomcat-7.0.106-windows-x64\apache-tomcat-7.0.106\webapps\manager]
Oct 29, 2020 7:55:53 PM org.apache.catalina.startup.HostConfig deployDirectory
INFO: Deployment of web application directory [C:\Users\leona\jleetutorial-maven-project.git-\apache-tomcat-7.0.106-windows-x64\apache-tomcat-7.0.106\webapps\manager] has finished in [53] ms
Oct 29, 2020 7:55:53 PM org.apache.catalina.startup.HostConfig deployDirectory
INFO: Deploying web application directory [C:\Users\leona\jleetutorial-maven-project.git-\apache-tomcat-7.0.106-windows-x64\apache-tomcat-7.0.106\webapps\ROOT]
Oct 29, 2020 7:55:53 PM org.apache.catalina.startup.HostConfig deployDirectory
INFO: Deployment of web application directory [C:\Users\leona\jleetutorial-maven-project.git-\apache-tomcat-7.0.106-windows-x64\apache-tomcat-7.0.106\webapps\ROOT] has finished in [38] ms
Oct 29, 2020 7:55:53 PM org.apache.coyote.AbstractProtocol start
INFO: Starting ProtocolHandler ["http-apr-8090"]
Oct 29, 2020 7:55:53 PM org.apache.catalina.startup.Catalina start
INFO: Server startup in 789 ms
Oct 29, 2020 7:56:11 PM org.apache.catalina.core.StandardServer await
INFO: A valid shutdown command was received via the shutdown port. Stopping the Server instance.
Oct 29, 2020 7:56:11 PM org.apache.coyote.AbstractProtocol pause
INFO: Pausing ProtocolHandler ["http-apr-8090"]
Oct 29, 2020 7:56:11 PM org.apache.catalina.core.StandardService stopInternal
INFO: Stopping service [Catalina]
Oct 29, 2020 7:56:11 PM org.apache.coyote.AbstractProtocol stop
INFO: Stopping ProtocolHandler ["http-apr-8090"]
Oct 29, 2020 7:56:11 PM org.apache.coyote.AbstractProtocol destroy
INFO: Destroying ProtocolHandler ["http-apr-8090"]
Oct 29, 2020 7:57:24 PM org.apache.catalina.startup.VersionLoggerListener log
INFO: Server version name:   Apache Tomcat/7.0.106
Oct 29, 2020 7:57:24 PM org.apache.catalina.startup.VersionLoggerListener log
INFO: Server built:          Sep 16 2020 08:33:41 UTC
Oct 29, 2020 7:57:24 PM org.apache.catalina.startup.VersionLoggerListener log
INFO: Server version number: 7.0.106.0
Oct 29, 2020 7:57:24 PM org.apache.catalina.startup.VersionLoggerListener log
INFO: OS Name:               Windows 10
Oct 29, 2020 7:57:24 PM org.apache.catalina.startup.VersionLoggerListener log
INFO: OS Version:            10.0
Oct 29, 2020 7:57:24 PM org.apache.catalina.startup.VersionLoggerListener log
INFO: Architecture:          amd64
Oct 29, 2020 7:57:24 PM org.apache.catalina.startup.VersionLoggerListener log
INFO: Java Home:             C:\Program Files\Java\jdk1.8.0_212\jre
Oct 29, 2020 7:57:24 PM org.apache.catalina.startup.VersionLoggerListener log
INFO: JVM Version:           1.8.0_212-b10
Oct 29, 2020 7:57:24 PM org.apache.catalina.startup.VersionLoggerListener log
INFO: JVM Vendor:            Oracle Corporation
Oct 29, 2020 7:57:24 PM org.apache.catalina.startup.VersionLoggerListener log
INFO: CATALINA_BASE:         C:/Users/leona/jleetutorial-maven-project.git-/apache-tomcat-7.0.106-windows-x64/apache-tomcat-7.0.106
Oct 29, 2020 7:57:24 PM org.apache.catalina.startup.VersionLoggerListener log
INFO: CATALINA_HOME:         C:/Users/leona/jleetutorial-maven-project.git-/apache-tomcat-7.0.106-windows-x64/apache-tomcat-7.0.106
Oct 29, 2020 7:57:24 PM org.apache.catalina.startup.VersionLoggerListener log
INFO: Command line argument: -Djava.util.logging.config.file=C:/Users/leona/jleetutorial-maven-project.git-/apache-tomcat-7.0.106-windows-x64/apache-tomcat-7.0.106/conf/logging.properties
Oct 29, 2020 7:57:24 PM org.apache.catalina.startup.VersionLoggerListener log
INFO: Command line argument: -Djava.util.logging.manager=org.apache.juli.ClassLoaderLogManager
Oct 29, 2020 7:57:24 PM org.apache.catalina.startup.VersionLoggerListener log
INFO: Command line argument: -Djdk.tls.ephemeralDHKeySize=2048
Oct 29, 2020 7:57:24 PM org.apache.catalina.startup.VersionLoggerListener log
INFO: Command line argument: -Dorg.apache.catalina.security.SecurityListener.UMASK=0027
Oct 29, 2020 7:57:24 PM org.apache.catalina.startup.VersionLoggerListener log
INFO: Command line argument: -Dignore.endorsed.dirs=
Oct 29, 2020 7:57:24 PM org.apache.catalina.startup.VersionLoggerListener log
INFO: Command line argument: -Dcatalina.base=C:/Users/leona/jleetutorial-maven-project.git-/apache-tomcat-7.0.106-windows-x64/apache-tomcat-7.0.106
Oct 29, 2020 7:57:24 PM org.apache.catalina.startup.VersionLoggerListener log
INFO: Command line argument: -Dcatalina.home=C:/Users/leona/jleetutorial-maven-project.git-/apache-tomcat-7.0.106-windows-x64/apache-tomcat-7.0.106
Oct 29, 2020 7:57:24 PM org.apache.catalina.startup.VersionLoggerListener log
INFO: Command line argument: -Djava.io.tmpdir=C:/Users/leona/jleetutorial-maven-project.git-/apache-tomcat-7.0.106-windows-x64/apache-tomcat-7.0.106/temp
Oct 29, 2020 7:57:24 PM org.apache.catalina.core.AprLifecycleListener lifecycleEvent
INFO: Loaded Apache Tomcat Native library [1.2.25] using APR version [1.7.0].
Oct 29, 2020 7:57:24 PM org.apache.catalina.core.AprLifecycleListener lifecycleEvent
INFO: APR capabilities: IPv6 [true], sendfile [true], accept filters [false], random [true].
Oct 29, 2020 7:57:24 PM org.apache.catalina.core.AprLifecycleListener initializeSSL
INFO: OpenSSL successfully initialized [OpenSSL 1.1.1g  21 Apr 2020]
Oct 29, 2020 7:57:24 PM org.apache.coyote.AbstractProtocol init
INFO: Initializing ProtocolHandler ["http-apr-8090"]
Oct 29, 2020 7:57:24 PM org.apache.catalina.startup.Catalina load
INFO: Initialization processed in 480 ms
Oct 29, 2020 7:57:24 PM org.apache.catalina.core.StandardService startInternal
INFO: Starting service [Catalina]
Oct 29, 2020 7:57:24 PM org.apache.catalina.core.StandardEngine startInternal
INFO: Starting Servlet Engine: Apache Tomcat/7.0.106
Oct 29, 2020 7:57:24 PM org.apache.catalina.startup.HostConfig deployDirectory
INFO: Deploying web application directory [C:\Users\leona\jleetutorial-maven-project.git-\apache-tomcat-7.0.106-windows-x64\apache-tomcat-7.0.106\webapps\docs]
Oct 29, 2020 7:57:24 PM org.apache.catalina.util.SessionIdGeneratorBase createSecureRandom
WARNING: Creation of SecureRandom instance for session ID generation using [SHA1PRNG] took [161] milliseconds.
Oct 29, 2020 7:57:25 PM org.apache.catalina.startup.HostConfig deployDirectory
INFO: Deployment of web application directory [C:\Users\leona\jleetutorial-maven-project.git-\apache-tomcat-7.0.106-windows-x64\apache-tomcat-7.0.106\webapps\docs] has finished in [378] ms
Oct 29, 2020 7:57:25 PM org.apache.catalina.startup.HostConfig deployDirectory
INFO: Deploying web application directory [C:\Users\leona\jleetutorial-maven-project.git-\apache-tomcat-7.0.106-windows-x64\apache-tomcat-7.0.106\webapps\examples]
Oct 29, 2020 7:57:25 PM org.apache.catalina.startup.HostConfig deployDirectory
INFO: Deployment of web application directory [C:\Users\leona\jleetutorial-maven-project.git-\apache-tomcat-7.0.106-windows-x64\apache-tomcat-7.0.106\webapps\examples] has finished in [209] ms
Oct 29, 2020 7:57:25 PM org.apache.catalina.startup.HostConfig deployDirectory
INFO: Deploying web application directory [C:\Users\leona\jleetutorial-maven-project.git-\apache-tomcat-7.0.106-windows-x64\apache-tomcat-7.0.106\webapps\host-manager]
Oct 29, 2020 7:57:25 PM org.apache.catalina.startup.HostConfig deployDirectory
INFO: Deployment of web application directory [C:\Users\leona\jleetutorial-maven-project.git-\apache-tomcat-7.0.106-windows-x64\apache-tomcat-7.0.106\webapps\host-manager] has finished in [52] ms
Oct 29, 2020 7:57:25 PM org.apache.catalina.startup.HostConfig deployDirectory
INFO: Deploying web application directory [C:\Users\leona\jleetutorial-maven-project.git-\apache-tomcat-7.0.106-windows-x64\apache-tomcat-7.0.106\webapps\manager]
Oct 29, 2020 7:57:25 PM org.apache.catalina.startup.HostConfig deployDirectory
INFO: Deployment of web application directory [C:\Users\leona\jleetutorial-maven-project.git-\apache-tomcat-7.0.106-windows-x64\apache-tomcat-7.0.106\webapps\manager] has finished in [51] ms
Oct 29, 2020 7:57:25 PM org.apache.catalina.startup.HostConfig deployDirectory
INFO: Deploying web application directory [C:\Users\leona\jleetutorial-maven-project.git-\apache-tomcat-7.0.106-windows-x64\apache-tomcat-7.0.106\webapps\ROOT]
Oct 29, 2020 7:57:25 PM org.apache.catalina.startup.HostConfig deployDirectory
INFO: Deployment of web application directory [C:\Users\leona\jleetutorial-maven-project.git-\apache-tomcat-7.0.106-windows-x64\apache-tomcat-7.0.106\webapps\ROOT] has finished in [33] ms
Oct 29, 2020 7:57:25 PM org.apache.coyote.AbstractProtocol start
INFO: Starting ProtocolHandler ["http-apr-8090"]
Oct 29, 2020 7:57:25 PM org.apache.catalina.startup.Catalina start
INFO: Server startup in 762 ms
Oct 29, 2020 7:58:11 PM org.apache.catalina.startup.HostConfig deployWAR
INFO: Deploying web application archive [C:\Users\leona\jleetutorial-maven-project.git-\apache-tomcat-7.0.106-windows-x64\apache-tomcat-7.0.106\webapps\webapp.war]
Oct 29, 2020 7:58:11 PM org.apache.catalina.startup.HostConfig deployWAR
INFO: Deployment of web application archive [C:\Users\leona\jleetutorial-maven-project.git-\apache-tomcat-7.0.106-windows-x64\apache-tomcat-7.0.106\webapps\webapp.war] has finished in [48] ms
Oct 29, 2020 8:31:09 PM org.apache.catalina.startup.HostConfig undeploy
INFO: Undeploying context [/webapp]
Oct 29, 2020 8:31:09 PM org.apache.catalina.startup.HostConfig deployWAR
INFO: Deploying web application archive [C:\Users\leona\jleetutorial-maven-project.git-\apache-tomcat-7.0.106-windows-x64\apache-tomcat-7.0.106\webapps\webapp.war]
Oct 29, 2020 8:31:09 PM org.apache.catalina.startup.HostConfig deployWAR
INFO: Deployment of web application archive [C:\Users\leona\jleetutorial-maven-project.git-\apache-tomcat-7.0.106-windows-x64\apache-tomcat-7.0.106\webapps\webapp.war] has finished in [54] ms
Oct 29, 2020 8:39:44 PM org.apache.catalina.startup.HostConfig undeploy
INFO: Undeploying context [/webapp]
Oct 29, 2020 8:39:44 PM org.apache.catalina.startup.HostConfig deployWAR
INFO: Deploying web application archive [C:\Users\leona\jleetutorial-maven-project.git-\apache-tomcat-7.0.106-windows-x64\apache-tomcat-7.0.106\webapps\webapp.war]
Oct 29, 2020 8:39:44 PM org.apache.catalina.startup.HostConfig deployWAR
INFO: Deployment of web application archive [C:\Users\leona\jleetutorial-maven-project.git-\apache-tomcat-7.0.106-windows-x64\apache-tomcat-7.0.106\webapps\webapp.war] has finished in [69] ms
Oct 29, 2020 8:42:59 PM org.apache.catalina.core.StandardServer await
INFO: A valid shutdown command was received via the shutdown port. Stopping the Server instance.
Oct 29, 2020 8:42:59 PM org.apache.coyote.AbstractProtocol pause
INFO: Pausing ProtocolHandler ["http-apr-8090"]
Oct 29, 2020 8:42:59 PM org.apache.catalina.core.StandardService stopInternal
INFO: Stopping service [Catalina]
Oct 29, 2020 8:42:59 PM org.apache.coyote.AbstractProtocol stop
INFO: Stopping ProtocolHandler ["http-apr-8090"]
Oct 29, 2020 8:42:59 PM org.apache.coyote.AbstractProtocol destroy
INFO: Destroying ProtocolHandler ["http-apr-8090"]
Oct 29, 2020 8:46:53 PM org.apache.catalina.startup.VersionLoggerListener log
INFO: Server version name:   Apache Tomcat/7.0.106
Oct 29, 2020 8:46:53 PM org.apache.catalina.startup.VersionLoggerListener log
INFO: Server built:          Sep 16 2020 08:33:41 UTC
Oct 29, 2020 8:46:53 PM org.apache.catalina.startup.VersionLoggerListener log
INFO: Server version number: 7.0.106.0
Oct 29, 2020 8:46:53 PM org.apache.catalina.startup.VersionLoggerListener log
INFO: OS Name:               Windows 10
Oct 29, 2020 8:46:53 PM org.apache.catalina.startup.VersionLoggerListener log
INFO: OS Version:            10.0
Oct 29, 2020 8:46:53 PM org.apache.catalina.startup.VersionLoggerListener log
INFO: Architecture:          amd64
Oct 29, 2020 8:46:53 PM org.apache.catalina.startup.VersionLoggerListener log
INFO: Java Home:             C:\Program Files\Java\jdk1.8.0_212\jre
Oct 29, 2020 8:46:53 PM org.apache.catalina.startup.VersionLoggerListener log
INFO: JVM Version:           1.8.0_212-b10
Oct 29, 2020 8:46:53 PM org.apache.catalina.startup.VersionLoggerListener log
INFO: JVM Vendor:            Oracle Corporation
Oct 29, 2020 8:46:53 PM org.apache.catalina.startup.VersionLoggerListener log
INFO: CATALINA_BASE:         C:/Users/leona/jleetutorial-maven-project.git-/apache-tomcat-7.0.106-windows-x64-production/apache-tomcat-7.0.106
Oct 29, 2020 8:46:53 PM org.apache.catalina.startup.VersionLoggerListener log
INFO: CATALINA_HOME:         C:/Users/leona/jleetutorial-maven-project.git-/apache-tomcat-7.0.106-windows-x64-production/apache-tomcat-7.0.106
Oct 29, 2020 8:46:53 PM org.apache.catalina.startup.VersionLoggerListener log
INFO: Command line argument: -Djava.util.logging.config.file=C:/Users/leona/jleetutorial-maven-project.git-/apache-tomcat-7.0.106-windows-x64-production/apache-tomcat-7.0.106/conf/logging.properties
Oct 29, 2020 8:46:53 PM org.apache.catalina.startup.VersionLoggerListener log
INFO: Command line argument: -Djava.util.logging.manager=org.apache.juli.ClassLoaderLogManager
Oct 29, 2020 8:46:53 PM org.apache.catalina.startup.VersionLoggerListener log
INFO: Command line argument: -Djdk.tls.ephemeralDHKeySize=2048
Oct 29, 2020 8:46:53 PM org.apache.catalina.startup.VersionLoggerListener log
INFO: Command line argument: -Dorg.apache.catalina.security.SecurityListener.UMASK=0027
Oct 29, 2020 8:46:53 PM org.apache.catalina.startup.VersionLoggerListener log
INFO: Command line argument: -Dignore.endorsed.dirs=
Oct 29, 2020 8:46:53 PM org.apache.catalina.startup.VersionLoggerListener log
INFO: Command line argument: -Dcatalina.base=C:/Users/leona/jleetutorial-maven-project.git-/apache-tomcat-7.0.106-windows-x64-production/apache-tomcat-7.0.106
Oct 29, 2020 8:46:53 PM org.apache.catalina.startup.VersionLoggerListener log
INFO: Command line argument: -Dcatalina.home=C:/Users/leona/jleetutorial-maven-project.git-/apache-tomcat-7.0.106-windows-x64-production/apache-tomcat-7.0.106
Oct 29, 2020 8:46:53 PM org.apache.catalina.startup.VersionLoggerListener log
INFO: Command line argument: -Djava.io.tmpdir=C:/Users/leona/jleetutorial-maven-project.git-/apache-tomcat-7.0.106-windows-x64-production/apache-tomcat-7.0.106/temp
Oct 29, 2020 8:46:53 PM org.apache.catalina.core.AprLifecycleListener lifecycleEvent
INFO: Loaded Apache Tomcat Native library [1.2.25] using APR version [1.7.0].
Oct 29, 2020 8:46:53 PM org.apache.catalina.core.AprLifecycleListener lifecycleEvent
INFO: APR capabilities: IPv6 [true], sendfile [true], accept filters [false], random [true].
Oct 29, 2020 8:46:53 PM org.apache.catalina.core.AprLifecycleListener initializeSSL
INFO: OpenSSL successfully initialized [OpenSSL 1.1.1g  21 Apr 2020]
Oct 29, 2020 8:46:53 PM org.apache.coyote.AbstractProtocol init
INFO: Initializing ProtocolHandler ["http-apr-9090"]
Oct 29, 2020 8:46:53 PM org.apache.catalina.startup.Catalina load
INFO: Initialization processed in 474 ms
Oct 29, 2020 8:46:53 PM org.apache.catalina.core.StandardService startInternal
INFO: Starting service [Catalina]
Oct 29, 2020 8:46:53 PM org.apache.catalina.core.StandardEngine startInternal
INFO: Starting Servlet Engine: Apache Tomcat/7.0.106
Oct 29, 2020 8:46:53 PM org.apache.catalina.startup.HostConfig deployWAR
INFO: Deploying web application archive [C:\Users\leona\jleetutorial-maven-project.git-\apache-tomcat-7.0.106-windows-x64-production\apache-tomcat-7.0.106\webapps\webapp.war]
Oct 29, 2020 8:46:53 PM org.apache.catalina.util.SessionIdGeneratorBase createSecureRandom
WARNING: Creation of SecureRandom instance for session ID generation using [SHA1PRNG] took [151] milliseconds.
Oct 29, 2020 8:46:54 PM org.apache.catalina.startup.HostConfig deployWAR
INFO: Deployment of web application archive [C:\Users\leona\jleetutorial-maven-project.git-\apache-tomcat-7.0.106-windows-x64-production\apache-tomcat-7.0.106\webapps\webapp.war] has finished in [393] ms
Oct 29, 2020 8:46:54 PM org.apache.catalina.startup.HostConfig deployDirectory
INFO: Deploying web application directory [C:\Users\leona\jleetutorial-maven-project.git-\apache-tomcat-7.0.106-windows-x64-production\apache-tomcat-7.0.106\webapps\docs]
Oct 29, 2020 8:46:54 PM org.apache.catalina.startup.HostConfig deployDirectory
INFO: Deployment of web application directory [C:\Users\leona\jleetutorial-maven-project.git-\apache-tomcat-7.0.106-windows-x64-production\apache-tomcat-7.0.106\webapps\docs] has finished in [57] ms
Oct 29, 2020 8:46:54 PM org.apache.catalina.startup.HostConfig deployDirectory
INFO: Deploying web application directory [C:\Users\leona\jleetutorial-maven-project.git-\apache-tomcat-7.0.106-windows-x64-production\apache-tomcat-7.0.106\webapps\examples]
Oct 29, 2020 8:46:54 PM org.apache.catalina.startup.HostConfig deployDirectory
INFO: Deployment of web application directory [C:\Users\leona\jleetutorial-maven-project.git-\apache-tomcat-7.0.106-windows-x64-production\apache-tomcat-7.0.106\webapps\examples] has finished in [231] ms
Oct 29, 2020 8:46:54 PM org.apache.catalina.startup.HostConfig deployDirectory
INFO: Deploying web application directory [C:\Users\leona\jleetutorial-maven-project.git-\apache-tomcat-7.0.106-windows-x64-production\apache-tomcat-7.0.106\webapps\host-manager]
Oct 29, 2020 8:46:54 PM org.apache.catalina.startup.HostConfig deployDirectory
INFO: Deployment of web application directory [C:\Users\leona\jleetutorial-maven-project.git-\apache-tomcat-7.0.106-windows-x64-production\apache-tomcat-7.0.106\webapps\host-manager] has finished in [55] ms
Oct 29, 2020 8:46:54 PM org.apache.catalina.startup.HostConfig deployDirectory
INFO: Deploying web application directory [C:\Users\leona\jleetutorial-maven-project.git-\apache-tomcat-7.0.106-windows-x64-production\apache-tomcat-7.0.106\webapps\manager]
Oct 29, 2020 8:46:54 PM org.apache.catalina.startup.HostConfig deployDirectory
INFO: Deployment of web application directory [C:\Users\leona\jleetutorial-maven-project.git-\apache-tomcat-7.0.106-windows-x64-production\apache-tomcat-7.0.106\webapps\manager] has finished in [36] ms
Oct 29, 2020 8:46:54 PM org.apache.catalina.startup.HostConfig deployDirectory
INFO: Deploying web application directory [C:\Users\leona\jleetutorial-maven-project.git-\apache-tomcat-7.0.106-windows-x64-production\apache-tomcat-7.0.106\webapps\ROOT]
Oct 29, 2020 8:46:54 PM org.apache.catalina.startup.HostConfig deployDirectory
INFO: Deployment of web application directory [C:\Users\leona\jleetutorial-maven-project.git-\apache-tomcat-7.0.106-windows-x64-production\apache-tomcat-7.0.106\webapps\ROOT] has finished in [34] ms
Oct 29, 2020 8:46:54 PM org.apache.coyote.AbstractProtocol start
INFO: Starting ProtocolHandler ["http-apr-9090"]
Oct 29, 2020 8:46:54 PM org.apache.catalina.startup.Catalina start
INFO: Server startup in 848 ms
Oct 29, 2020 8:56:55 PM org.apache.catalina.core.StandardServer await
INFO: A valid shutdown command was received via the shutdown port. Stopping the Server instance.
Oct 29, 2020 8:56:55 PM org.apache.coyote.AbstractProtocol pause
INFO: Pausing ProtocolHandler ["http-apr-9090"]
Oct 29, 2020 8:56:55 PM org.apache.catalina.core.StandardService stopInternal
INFO: Stopping service [Catalina]
Oct 29, 2020 8:56:55 PM org.apache.coyote.AbstractProtocol stop
INFO: Stopping ProtocolHandler ["http-apr-9090"]
Oct 29, 2020 8:56:55 PM org.apache.coyote.AbstractProtocol destroy
INFO: Destroying ProtocolHandler ["http-apr-9090"]
Oct 29, 2020 9:04:48 PM org.apache.catalina.startup.VersionLoggerListener log
INFO: Server version name:   Apache Tomcat/7.0.106
Oct 29, 2020 9:04:48 PM org.apache.catalina.startup.VersionLoggerListener log
INFO: Server built:          Sep 16 2020 08:33:41 UTC
Oct 29, 2020 9:04:48 PM org.apache.catalina.startup.VersionLoggerListener log
INFO: Server version number: 7.0.106.0
Oct 29, 2020 9:04:48 PM org.apache.catalina.startup.VersionLoggerListener log
INFO: OS Name:               Windows 10
Oct 29, 2020 9:04:48 PM org.apache.catalina.startup.VersionLoggerListener log
INFO: OS Version:            10.0
Oct 29, 2020 9:04:48 PM org.apache.catalina.startup.VersionLoggerListener log
INFO: Architecture:          amd64
Oct 29, 2020 9:04:48 PM org.apache.catalina.startup.VersionLoggerListener log
INFO: Java Home:             C:\Program Files\Java\jdk1.8.0_212\jre
Oct 29, 2020 9:04:48 PM org.apache.catalina.startup.VersionLoggerListener log
INFO: JVM Version:           1.8.0_212-b10
Oct 29, 2020 9:04:48 PM org.apache.catalina.startup.VersionLoggerListener log
INFO: JVM Vendor:            Oracle Corporation
Oct 29, 2020 9:04:48 PM org.apache.catalina.startup.VersionLoggerListener log
INFO: CATALINA_BASE:         C:/Users/leona/jleetutorial-maven-project.git-/apache-tomcat-7.0.106-windows-x64-production/apache-tomcat-7.0.106
Oct 29, 2020 9:04:48 PM org.apache.catalina.startup.VersionLoggerListener log
INFO: CATALINA_HOME:         C:/Users/leona/jleetutorial-maven-project.git-/apache-tomcat-7.0.106-windows-x64-production/apache-tomcat-7.0.106
Oct 29, 2020 9:04:48 PM org.apache.catalina.startup.VersionLoggerListener log
INFO: Command line argument: -Djava.util.logging.config.file=C:/Users/leona/jleetutorial-maven-project.git-/apache-tomcat-7.0.106-windows-x64-production/apache-tomcat-7.0.106/conf/logging.properties
Oct 29, 2020 9:04:48 PM org.apache.catalina.startup.VersionLoggerListener log
INFO: Command line argument: -Djava.util.logging.manager=org.apache.juli.ClassLoaderLogManager
Oct 29, 2020 9:04:48 PM org.apache.catalina.startup.VersionLoggerListener log
INFO: Command line argument: -Djdk.tls.ephemeralDHKeySize=2048
Oct 29, 2020 9:04:48 PM org.apache.catalina.startup.VersionLoggerListener log
INFO: Command line argument: -Dorg.apache.catalina.security.SecurityListener.UMASK=0027
Oct 29, 2020 9:04:48 PM org.apache.catalina.startup.VersionLoggerListener log
INFO: Command line argument: -Dignore.endorsed.dirs=
Oct 29, 2020 9:04:48 PM org.apache.catalina.startup.VersionLoggerListener log
INFO: Command line argument: -Dcatalina.base=C:/Users/leona/jleetutorial-maven-project.git-/apache-tomcat-7.0.106-windows-x64-production/apache-tomcat-7.0.106
Oct 29, 2020 9:04:48 PM org.apache.catalina.startup.VersionLoggerListener log
INFO: Command line argument: -Dcatalina.home=C:/Users/leona/jleetutorial-maven-project.git-/apache-tomcat-7.0.106-windows-x64-production/apache-tomcat-7.0.106
Oct 29, 2020 9:04:48 PM org.apache.catalina.startup.VersionLoggerListener log
INFO: Command line argument: -Djava.io.tmpdir=C:/Users/leona/jleetutorial-maven-project.git-/apache-tomcat-7.0.106-windows-x64-production/apache-tomcat-7.0.106/temp
Oct 29, 2020 9:04:48 PM org.apache.catalina.core.AprLifecycleListener lifecycleEvent
INFO: Loaded Apache Tomcat Native library [1.2.25] using APR version [1.7.0].
Oct 29, 2020 9:04:48 PM org.apache.catalina.core.AprLifecycleListener lifecycleEvent
INFO: APR capabilities: IPv6 [true], sendfile [true], accept filters [false], random [true].
Oct 29, 2020 9:04:48 PM org.apache.catalina.core.AprLifecycleListener initializeSSL
INFO: OpenSSL successfully initialized [OpenSSL 1.1.1g  21 Apr 2020]
Oct 29, 2020 9:04:48 PM org.apache.coyote.AbstractProtocol init
INFO: Initializing ProtocolHandler ["http-apr-9090"]
Oct 29, 2020 9:04:48 PM org.apache.catalina.startup.Catalina load
INFO: Initialization processed in 456 ms
Oct 29, 2020 9:04:48 PM org.apache.catalina.core.StandardService startInternal
INFO: Starting service [Catalina]
Oct 29, 2020 9:04:48 PM org.apache.catalina.core.StandardEngine startInternal
INFO: Starting Servlet Engine: Apache Tomcat/7.0.106
Oct 29, 2020 9:04:48 PM org.apache.catalina.startup.HostConfig deployWAR
INFO: Deploying web application archive [C:\Users\leona\jleetutorial-maven-project.git-\apache-tomcat-7.0.106-windows-x64-production\apache-tomcat-7.0.106\webapps\webapp.war]
Oct 29, 2020 9:04:48 PM org.apache.catalina.util.SessionIdGeneratorBase createSecureRandom
WARNING: Creation of SecureRandom instance for session ID generation using [SHA1PRNG] took [150] milliseconds.
Oct 29, 2020 9:04:48 PM org.apache.catalina.startup.HostConfig deployWAR
INFO: Deployment of web application archive [C:\Users\leona\jleetutorial-maven-project.git-\apache-tomcat-7.0.106-windows-x64-production\apache-tomcat-7.0.106\webapps\webapp.war] has finished in [392] ms
Oct 29, 2020 9:04:48 PM org.apache.catalina.startup.HostConfig deployDirectory
INFO: Deploying web application directory [C:\Users\leona\jleetutorial-maven-project.git-\apache-tomcat-7.0.106-windows-x64-production\apache-tomcat-7.0.106\webapps\docs]
Oct 29, 2020 9:04:48 PM org.apache.catalina.startup.HostConfig deployDirectory
INFO: Deployment of web application directory [C:\Users\leona\jleetutorial-maven-project.git-\apache-tomcat-7.0.106-windows-x64-production\apache-tomcat-7.0.106\webapps\docs] has finished in [41] ms
Oct 29, 2020 9:04:48 PM org.apache.catalina.startup.HostConfig deployDirectory
INFO: Deploying web application directory [C:\Users\leona\jleetutorial-maven-project.git-\apache-tomcat-7.0.106-windows-x64-production\apache-tomcat-7.0.106\webapps\examples]
Oct 29, 2020 9:04:48 PM org.apache.catalina.startup.HostConfig deployDirectory
INFO: Deployment of web application directory [C:\Users\leona\jleetutorial-maven-project.git-\apache-tomcat-7.0.106-windows-x64-production\apache-tomcat-7.0.106\webapps\examples] has finished in [216] ms
Oct 29, 2020 9:04:48 PM org.apache.catalina.startup.HostConfig deployDirectory
INFO: Deploying web application directory [C:\Users\leona\jleetutorial-maven-project.git-\apache-tomcat-7.0.106-windows-x64-production\apache-tomcat-7.0.106\webapps\host-manager]
Oct 29, 2020 9:04:49 PM org.apache.catalina.startup.HostConfig deployDirectory
INFO: Deployment of web application directory [C:\Users\leona\jleetutorial-maven-project.git-\apache-tomcat-7.0.106-windows-x64-production\apache-tomcat-7.0.106\webapps\host-manager] has finished in [51] ms
Oct 29, 2020 9:04:49 PM org.apache.catalina.startup.HostConfig deployDirectory
INFO: Deploying web application directory [C:\Users\leona\jleetutorial-maven-project.git-\apache-tomcat-7.0.106-windows-x64-production\apache-tomcat-7.0.106\webapps\manager]
Oct 29, 2020 9:04:49 PM org.apache.catalina.startup.HostConfig deployDirectory
INFO: Deployment of web application directory [C:\Users\leona\jleetutorial-maven-project.git-\apache-tomcat-7.0.106-windows-x64-production\apache-tomcat-7.0.106\webapps\manager] has finished in [38] ms
Oct 29, 2020 9:04:49 PM org.apache.catalina.startup.HostConfig deployDirectory
INFO: Deploying web application directory [C:\Users\leona\jleetutorial-maven-project.git-\apache-tomcat-7.0.106-windows-x64-production\apache-tomcat-7.0.106\webapps\ROOT]
Oct 29, 2020 9:04:49 PM org.apache.catalina.startup.HostConfig deployDirectory
INFO: Deployment of web application directory [C:\Users\leona\jleetutorial-maven-project.git-\apache-tomcat-7.0.106-windows-x64-production\apache-tomcat-7.0.106\webapps\ROOT] has finished in [36] ms
Oct 29, 2020 9:04:49 PM org.apache.coyote.AbstractProtocol start
INFO: Starting ProtocolHandler ["http-apr-9090"]
Oct 29, 2020 9:04:49 PM org.apache.catalina.startup.Catalina start
INFO: Server startup in 823 ms
Oct 29, 2020 9:05:52 PM org.apache.catalina.core.StandardServer await
INFO: A valid shutdown command was received via the shutdown port. Stopping the Server instance.
Oct 29, 2020 9:05:52 PM org.apache.coyote.AbstractProtocol pause
INFO: Pausing ProtocolHandler ["http-apr-9090"]
Oct 29, 2020 9:05:52 PM org.apache.catalina.core.StandardService stopInternal
INFO: Stopping service [Catalina]
Oct 29, 2020 9:05:52 PM org.apache.coyote.AbstractProtocol stop
INFO: Stopping ProtocolHandler ["http-apr-9090"]
Oct 29, 2020 9:05:52 PM org.apache.coyote.AbstractProtocol destroy
INFO: Destroying ProtocolHandler ["http-apr-9090"]
Oct 29, 2020 9:06:12 PM org.apache.catalina.startup.VersionLoggerListener log
INFO: Server version name:   Apache Tomcat/7.0.106
Oct 29, 2020 9:06:12 PM org.apache.catalina.startup.VersionLoggerListener log
INFO: Server built:          Sep 16 2020 08:33:41 UTC
Oct 29, 2020 9:06:12 PM org.apache.catalina.startup.VersionLoggerListener log
INFO: Server version number: 7.0.106.0
Oct 29, 2020 9:06:12 PM org.apache.catalina.startup.VersionLoggerListener log
INFO: OS Name:               Windows 10
Oct 29, 2020 9:06:12 PM org.apache.catalina.startup.VersionLoggerListener log
INFO: OS Version:            10.0
Oct 29, 2020 9:06:12 PM org.apache.catalina.startup.VersionLoggerListener log
INFO: Architecture:          amd64
Oct 29, 2020 9:06:12 PM org.apache.catalina.startup.VersionLoggerListener log
INFO: Java Home:             C:\Program Files\Java\jdk1.8.0_212\jre
Oct 29, 2020 9:06:12 PM org.apache.catalina.startup.VersionLoggerListener log
INFO: JVM Version:           1.8.0_212-b10
Oct 29, 2020 9:06:12 PM org.apache.catalina.startup.VersionLoggerListener log
INFO: JVM Vendor:            Oracle Corporation
Oct 29, 2020 9:06:12 PM org.apache.catalina.startup.VersionLoggerListener log
INFO: CATALINA_BASE:         C:/Users/leona/jleetutorial-maven-project.git-/apache-tomcat-7.0.106-windows-x64-production/apache-tomcat-7.0.106
Oct 29, 2020 9:06:12 PM org.apache.catalina.startup.VersionLoggerListener log
INFO: CATALINA_HOME:         C:/Users/leona/jleetutorial-maven-project.git-/apache-tomcat-7.0.106-windows-x64-production/apache-tomcat-7.0.106
Oct 29, 2020 9:06:12 PM org.apache.catalina.startup.VersionLoggerListener log
INFO: Command line argument: -Djava.util.logging.config.file=C:/Users/leona/jleetutorial-maven-project.git-/apache-tomcat-7.0.106-windows-x64-production/apache-tomcat-7.0.106/conf/logging.properties
Oct 29, 2020 9:06:12 PM org.apache.catalina.startup.VersionLoggerListener log
INFO: Command line argument: -Djava.util.logging.manager=org.apache.juli.ClassLoaderLogManager
Oct 29, 2020 9:06:12 PM org.apache.catalina.startup.VersionLoggerListener log
INFO: Command line argument: -Djdk.tls.ephemeralDHKeySize=2048
Oct 29, 2020 9:06:12 PM org.apache.catalina.startup.VersionLoggerListener log
INFO: Command line argument: -Dorg.apache.catalina.security.SecurityListener.UMASK=0027
Oct 29, 2020 9:06:12 PM org.apache.catalina.startup.VersionLoggerListener log
INFO: Command line argument: -Dignore.endorsed.dirs=
Oct 29, 2020 9:06:12 PM org.apache.catalina.startup.VersionLoggerListener log
INFO: Command line argument: -Dcatalina.base=C:/Users/leona/jleetutorial-maven-project.git-/apache-tomcat-7.0.106-windows-x64-production/apache-tomcat-7.0.106
Oct 29, 2020 9:06:12 PM org.apache.catalina.startup.VersionLoggerListener log
INFO: Command line argument: -Dcatalina.home=C:/Users/leona/jleetutorial-maven-project.git-/apache-tomcat-7.0.106-windows-x64-production/apache-tomcat-7.0.106
Oct 29, 2020 9:06:12 PM org.apache.catalina.startup.VersionLoggerListener log
INFO: Command line argument: -Djava.io.tmpdir=C:/Users/leona/jleetutorial-maven-project.git-/apache-tomcat-7.0.106-windows-x64-production/apache-tomcat-7.0.106/temp
Oct 29, 2020 9:06:12 PM org.apache.catalina.core.AprLifecycleListener lifecycleEvent
INFO: Loaded Apache Tomcat Native library [1.2.25] using APR version [1.7.0].
Oct 29, 2020 9:06:12 PM org.apache.catalina.core.AprLifecycleListener lifecycleEvent
INFO: APR capabilities: IPv6 [true], sendfile [true], accept filters [false], random [true].
Oct 29, 2020 9:06:12 PM org.apache.catalina.core.AprLifecycleListener initializeSSL
INFO: OpenSSL successfully initialized [OpenSSL 1.1.1g  21 Apr 2020]
Oct 29, 2020 9:06:12 PM org.apache.coyote.AbstractProtocol init
INFO: Initializing ProtocolHandler ["http-apr-9090"]
Oct 29, 2020 9:06:12 PM org.apache.catalina.startup.Catalina load
INFO: Initialization processed in 456 ms
Oct 29, 2020 9:06:12 PM org.apache.catalina.core.StandardService startInternal
INFO: Starting service [Catalina]
Oct 29, 2020 9:06:12 PM org.apache.catalina.core.StandardEngine startInternal
INFO: Starting Servlet Engine: Apache Tomcat/7.0.106
Oct 29, 2020 9:06:12 PM org.apache.catalina.startup.HostConfig deployWAR
INFO: Deploying web application archive [C:\Users\leona\jleetutorial-maven-project.git-\apache-tomcat-7.0.106-windows-x64-production\apache-tomcat-7.0.106\webapps\webapp.war]
Oct 29, 2020 9:06:13 PM org.apache.catalina.util.SessionIdGeneratorBase createSecureRandom
WARNING: Creation of SecureRandom instance for session ID generation using [SHA1PRNG] took [147] milliseconds.
Oct 29, 2020 9:06:13 PM org.apache.catalina.startup.HostConfig deployWAR
INFO: Deployment of web application archive [C:\Users\leona\jleetutorial-maven-project.git-\apache-tomcat-7.0.106-windows-x64-production\apache-tomcat-7.0.106\webapps\webapp.war] has finished in [404] ms
Oct 29, 2020 9:06:13 PM org.apache.catalina.startup.HostConfig deployDirectory
INFO: Deploying web application directory [C:\Users\leona\jleetutorial-maven-project.git-\apache-tomcat-7.0.106-windows-x64-production\apache-tomcat-7.0.106\webapps\docs]
Oct 29, 2020 9:06:13 PM org.apache.catalina.startup.HostConfig deployDirectory
INFO: Deployment of web application directory [C:\Users\leona\jleetutorial-maven-project.git-\apache-tomcat-7.0.106-windows-x64-production\apache-tomcat-7.0.106\webapps\docs] has finished in [52] ms
Oct 29, 2020 9:06:13 PM org.apache.catalina.startup.HostConfig deployDirectory
INFO: Deploying web application directory [C:\Users\leona\jleetutorial-maven-project.git-\apache-tomcat-7.0.106-windows-x64-production\apache-tomcat-7.0.106\webapps\examples]
Oct 29, 2020 9:06:13 PM org.apache.catalina.startup.HostConfig deployDirectory
INFO: Deployment of web application directory [C:\Users\leona\jleetutorial-maven-project.git-\apache-tomcat-7.0.106-windows-x64-production\apache-tomcat-7.0.106\webapps\examples] has finished in [214] ms
Oct 29, 2020 9:06:13 PM org.apache.catalina.startup.HostConfig deployDirectory
INFO: Deploying web application directory [C:\Users\leona\jleetutorial-maven-project.git-\apache-tomcat-7.0.106-windows-x64-production\apache-tomcat-7.0.106\webapps\host-manager]
Oct 29, 2020 9:06:13 PM org.apache.catalina.startup.HostConfig deployDirectory
INFO: Deployment of web application directory [C:\Users\leona\jleetutorial-maven-project.git-\apache-tomcat-7.0.106-windows-x64-production\apache-tomcat-7.0.106\webapps\host-manager] has finished in [40] ms
Oct 29, 2020 9:06:13 PM org.apache.catalina.startup.HostConfig deployDirectory
INFO: Deploying web application directory [C:\Users\leona\jleetutorial-maven-project.git-\apache-tomcat-7.0.106-windows-x64-production\apache-tomcat-7.0.106\webapps\manager]
Oct 29, 2020 9:06:13 PM org.apache.catalina.startup.HostConfig deployDirectory
INFO: Deployment of web application directory [C:\Users\leona\jleetutorial-maven-project.git-\apache-tomcat-7.0.106-windows-x64-production\apache-tomcat-7.0.106\webapps\manager] has finished in [43] ms
Oct 29, 2020 9:06:13 PM org.apache.catalina.startup.HostConfig deployDirectory
INFO: Deploying web application directory [C:\Users\leona\jleetutorial-maven-project.git-\apache-tomcat-7.0.106-windows-x64-production\apache-tomcat-7.0.106\webapps\ROOT]
Oct 29, 2020 9:06:13 PM org.apache.catalina.startup.HostConfig deployDirectory
INFO: Deployment of web application directory [C:\Users\leona\jleetutorial-maven-project.git-\apache-tomcat-7.0.106-windows-x64-production\apache-tomcat-7.0.106\webapps\ROOT] has finished in [32] ms
Oct 29, 2020 9:06:13 PM org.apache.coyote.AbstractProtocol start
INFO: Starting ProtocolHandler ["http-apr-9090"]
Oct 29, 2020 9:06:13 PM org.apache.catalina.startup.Catalina start
INFO: Server startup in 838 ms
