Oct 29, 2020 7:58:11 PM org.apache.catalina.core.ApplicationContext log
INFO: Manager: init: Associated with Deployer 'Catalina:type=Deployer,host=localhost'
Oct 29, 2020 7:58:11 PM org.apache.catalina.core.ApplicationContext log
INFO: Manager: init: Global resources are available
Oct 29, 2020 7:58:11 PM org.apache.catalina.core.ApplicationContext log
INFO: Manager: list: Listing contexts for virtual host 'localhost'
Oct 29, 2020 7:58:11 PM org.apache.catalina.core.ApplicationContext log
INFO: Manager: deploy: Deploying web application '/webapp'
Oct 29, 2020 7:58:11 PM org.apache.catalina.core.ApplicationContext log
INFO: Manager: Uploading WAR file to C:\Users\leona\jleetutorial-maven-project.git-\apache-tomcat-7.0.106-windows-x64\apache-tomcat-7.0.106\webapps\webapp.war
Oct 29, 2020 8:31:09 PM org.apache.catalina.core.ApplicationContext log
INFO: Manager: list: Listing contexts for virtual host 'localhost'
Oct 29, 2020 8:31:09 PM org.apache.catalina.core.ApplicationContext log
INFO: Manager: list: Listing contexts for virtual host 'localhost'
Oct 29, 2020 8:31:09 PM org.apache.catalina.core.ApplicationContext log
INFO: Manager: undeploy: Undeploying web application at '/webapp'
Oct 29, 2020 8:31:09 PM org.apache.catalina.core.ApplicationContext log
INFO: Manager: deploy: Deploying web application '/webapp'
Oct 29, 2020 8:31:09 PM org.apache.catalina.core.ApplicationContext log
INFO: Manager: Uploading WAR file to C:\Users\leona\jleetutorial-maven-project.git-\apache-tomcat-7.0.106-windows-x64\apache-tomcat-7.0.106\webapps\webapp.war
Oct 29, 2020 8:39:43 PM org.apache.catalina.core.ApplicationContext log
INFO: Manager: list: Listing contexts for virtual host 'localhost'
Oct 29, 2020 8:39:43 PM org.apache.catalina.core.ApplicationContext log
INFO: Manager: list: Listing contexts for virtual host 'localhost'
Oct 29, 2020 8:39:43 PM org.apache.catalina.core.ApplicationContext log
INFO: Manager: undeploy: Undeploying web application at '/webapp'
Oct 29, 2020 8:39:44 PM org.apache.catalina.core.ApplicationContext log
INFO: Manager: deploy: Deploying web application '/webapp'
Oct 29, 2020 8:39:44 PM org.apache.catalina.core.ApplicationContext log
INFO: Manager: Uploading WAR file to C:\Users\leona\jleetutorial-maven-project.git-\apache-tomcat-7.0.106-windows-x64\apache-tomcat-7.0.106\webapps\webapp.war
